<?xml version="1.0" encoding="UTF-8"?>
<!-- Generated by org.testng.reporters.JUnitReportReporter -->
<testsuite hostname="DESKTOP-VHRMJ5A" failures="0" tests="1" name="Test.GittiGidiyor.SepeteEkleme" time="0.000" errors="0" timestamp="2021-06-04T01:29:56 TRT" skipped="1">
  <testcase classname="Test.GittiGidiyor.SepeteEkleme" name="basariliGiris" time="0.000">
    <skipped/>
  </testcase> <!-- basariliGiris -->
  <system-out/>
</testsuite> <!-- Test.GittiGidiyor.SepeteEkleme -->
